<?xml version="1.0" encoding="UTF-8"?>
<testsuite xmlns:xsi="http://www.w3.org/2001/XMLSchema-instance" xsi:noNamespaceSchemaLocation="https://maven.apache.org/surefire/maven-surefire-plugin/xsd/surefire-test-report.xsd" name="com.ozata.cagatay.StudentApplicationTests" time="4.886" tests="1" errors="0" skipped="0" failures="0">
  <properties>
    <property name="sun.desktop" value="gnome"/>
    <property name="awt.toolkit" value="sun.awt.X11.XToolkit"/>
    <property name="file.encoding.pkg" value="sun.io"/>
    <property name="java.specification.version" value="1.8"/>
    <property name="sun.cpu.isalist" value=""/>
    <property name="sun.jnu.encoding" value="UTF-8"/>
    <property name="java.class.path" value="/home/cagatay/Desktop/Project_Student_System_SpringBoot/target/test-classes:/home/cagatay/Desktop/Project_Student_System_SpringBoot/target/classes:/home/cagatay/.m2/repository/org/springframework/boot/spring-boot-starter-data-jpa/2.0.0.RELEASE/spring-boot-starter-data-jpa-2.0.0.RELEASE.jar:/home/cagatay/.m2/repository/org/springframework/boot/spring-boot-starter/2.0.0.RELEASE/spring-boot-starter-2.0.0.RELEASE.jar:/home/cagatay/.m2/repository/org/springframework/boot/spring-boot-starter-logging/2.0.0.RELEASE/spring-boot-starter-logging-2.0.0.RELEASE.jar:/home/cagatay/.m2/repository/ch/qos/logback/logback-classic/1.2.3/logback-classic-1.2.3.jar:/home/cagatay/.m2/repository/ch/qos/logback/logback-core/1.2.3/logback-core-1.2.3.jar:/home/cagatay/.m2/repository/org/apache/logging/log4j/log4j-to-slf4j/2.10.0/log4j-to-slf4j-2.10.0.jar:/home/cagatay/.m2/repository/org/slf4j/jul-to-slf4j/1.7.25/jul-to-slf4j-1.7.25.jar:/home/cagatay/.m2/repository/javax/annotation/javax.annotation-api/1.3.2/javax.annotation-api-1.3.2.jar:/home/cagatay/.m2/repository/org/springframework/boot/spring-boot-starter-aop/2.0.0.RELEASE/spring-boot-starter-aop-2.0.0.RELEASE.jar:/home/cagatay/.m2/repository/org/springframework/spring-aop/5.0.4.RELEASE/spring-aop-5.0.4.RELEASE.jar:/home/cagatay/.m2/repository/org/aspectj/aspectjweaver/1.8.13/aspectjweaver-1.8.13.jar:/home/cagatay/.m2/repository/org/springframework/boot/spring-boot-starter-jdbc/2.0.0.RELEASE/spring-boot-starter-jdbc-2.0.0.RELEASE.jar:/home/cagatay/.m2/repository/com/zaxxer/HikariCP/2.7.8/HikariCP-2.7.8.jar:/home/cagatay/.m2/repository/org/springframework/spring-jdbc/5.0.4.RELEASE/spring-jdbc-5.0.4.RELEASE.jar:/home/cagatay/.m2/repository/org/hibernate/hibernate-core/5.2.14.Final/hibernate-core-5.2.14.Final.jar:/home/cagatay/.m2/repository/org/jboss/logging/jboss-logging/3.3.2.Final/jboss-logging-3.3.2.Final.jar:/home/cagatay/.m2/repository/org/hibernate/javax/persistence/hibernate-jpa-2.1-api/1.0.0.Final/hibernate-jpa-2.1-api-1.0.0.Final.jar:/home/cagatay/.m2/repository/org/javassist/javassist/3.22.0-GA/javassist-3.22.0-GA.jar:/home/cagatay/.m2/repository/antlr/antlr/2.7.7/antlr-2.7.7.jar:/home/cagatay/.m2/repository/org/jboss/jandex/2.0.3.Final/jandex-2.0.3.Final.jar:/home/cagatay/.m2/repository/com/fasterxml/classmate/1.3.4/classmate-1.3.4.jar:/home/cagatay/.m2/repository/dom4j/dom4j/1.6.1/dom4j-1.6.1.jar:/home/cagatay/.m2/repository/org/hibernate/common/hibernate-commons-annotations/5.0.1.Final/hibernate-commons-annotations-5.0.1.Final.jar:/home/cagatay/.m2/repository/javax/transaction/javax.transaction-api/1.2/javax.transaction-api-1.2.jar:/home/cagatay/.m2/repository/org/springframework/data/spring-data-jpa/2.0.5.RELEASE/spring-data-jpa-2.0.5.RELEASE.jar:/home/cagatay/.m2/repository/org/springframework/data/spring-data-commons/2.0.5.RELEASE/spring-data-commons-2.0.5.RELEASE.jar:/home/cagatay/.m2/repository/org/springframework/spring-orm/5.0.4.RELEASE/spring-orm-5.0.4.RELEASE.jar:/home/cagatay/.m2/repository/org/springframework/spring-context/5.0.4.RELEASE/spring-context-5.0.4.RELEASE.jar:/home/cagatay/.m2/repository/org/springframework/spring-tx/5.0.4.RELEASE/spring-tx-5.0.4.RELEASE.jar:/home/cagatay/.m2/repository/org/springframework/spring-beans/5.0.4.RELEASE/spring-beans-5.0.4.RELEASE.jar:/home/cagatay/.m2/repository/org/slf4j/slf4j-api/1.7.25/slf4j-api-1.7.25.jar:/home/cagatay/.m2/repository/org/springframework/spring-aspects/5.0.4.RELEASE/spring-aspects-5.0.4.RELEASE.jar:/home/cagatay/.m2/repository/org/springframework/boot/spring-boot-starter-web/2.0.0.RELEASE/spring-boot-starter-web-2.0.0.RELEASE.jar:/home/cagatay/.m2/repository/org/springframework/boot/spring-boot-starter-json/2.0.0.RELEASE/spring-boot-starter-json-2.0.0.RELEASE.jar:/home/cagatay/.m2/repository/com/fasterxml/jackson/core/jackson-databind/2.9.4/jackson-databind-2.9.4.jar:/home/cagatay/.m2/repository/com/fasterxml/jackson/datatype/jackson-datatype-jdk8/2.9.4/jackson-datatype-jdk8-2.9.4.jar:/home/cagatay/.m2/repository/com/fasterxml/jackson/datatype/jackson-datatype-jsr310/2.9.4/jackson-datatype-jsr310-2.9.4.jar:/home/cagatay/.m2/repository/com/fasterxml/jackson/module/jackson-module-parameter-names/2.9.4/jackson-module-parameter-names-2.9.4.jar:/home/cagatay/.m2/repository/org/springframework/boot/spring-boot-starter-tomcat/2.0.0.RELEASE/spring-boot-starter-tomcat-2.0.0.RELEASE.jar:/home/cagatay/.m2/repository/org/apache/tomcat/embed/tomcat-embed-core/8.5.28/tomcat-embed-core-8.5.28.jar:/home/cagatay/.m2/repository/org/apache/tomcat/embed/tomcat-embed-el/8.5.28/tomcat-embed-el-8.5.28.jar:/home/cagatay/.m2/repository/org/apache/tomcat/embed/tomcat-embed-websocket/8.5.28/tomcat-embed-websocket-8.5.28.jar:/home/cagatay/.m2/repository/org/hibernate/validator/hibernate-validator/6.0.7.Final/hibernate-validator-6.0.7.Final.jar:/home/cagatay/.m2/repository/javax/validation/validation-api/2.0.1.Final/validation-api-2.0.1.Final.jar:/home/cagatay/.m2/repository/org/springframework/spring-web/5.0.4.RELEASE/spring-web-5.0.4.RELEASE.jar:/home/cagatay/.m2/repository/org/springframework/spring-webmvc/5.0.4.RELEASE/spring-webmvc-5.0.4.RELEASE.jar:/home/cagatay/.m2/repository/org/springframework/spring-expression/5.0.4.RELEASE/spring-expression-5.0.4.RELEASE.jar:/home/cagatay/.m2/repository/org/springframework/boot/spring-boot-devtools/2.0.0.RELEASE/spring-boot-devtools-2.0.0.RELEASE.jar:/home/cagatay/.m2/repository/org/springframework/boot/spring-boot/2.0.0.RELEASE/spring-boot-2.0.0.RELEASE.jar:/home/cagatay/.m2/repository/org/springframework/boot/spring-boot-autoconfigure/2.0.0.RELEASE/spring-boot-autoconfigure-2.0.0.RELEASE.jar:/home/cagatay/.m2/repository/mysql/mysql-connector-java/5.1.45/mysql-connector-java-5.1.45.jar:/home/cagatay/.m2/repository/org/springframework/boot/spring-boot-starter-test/2.0.0.RELEASE/spring-boot-starter-test-2.0.0.RELEASE.jar:/home/cagatay/.m2/repository/org/springframework/boot/spring-boot-test/2.0.0.RELEASE/spring-boot-test-2.0.0.RELEASE.jar:/home/cagatay/.m2/repository/org/springframework/boot/spring-boot-test-autoconfigure/2.0.0.RELEASE/spring-boot-test-autoconfigure-2.0.0.RELEASE.jar:/home/cagatay/.m2/repository/com/jayway/jsonpath/json-path/2.4.0/json-path-2.4.0.jar:/home/cagatay/.m2/repository/net/minidev/json-smart/2.3/json-smart-2.3.jar:/home/cagatay/.m2/repository/net/minidev/accessors-smart/1.2/accessors-smart-1.2.jar:/home/cagatay/.m2/repository/org/ow2/asm/asm/5.0.4/asm-5.0.4.jar:/home/cagatay/.m2/repository/junit/junit/4.12/junit-4.12.jar:/home/cagatay/.m2/repository/org/assertj/assertj-core/3.9.1/assertj-core-3.9.1.jar:/home/cagatay/.m2/repository/org/mockito/mockito-core/2.15.0/mockito-core-2.15.0.jar:/home/cagatay/.m2/repository/net/bytebuddy/byte-buddy/1.7.10/byte-buddy-1.7.10.jar:/home/cagatay/.m2/repository/net/bytebuddy/byte-buddy-agent/1.7.10/byte-buddy-agent-1.7.10.jar:/home/cagatay/.m2/repository/org/objenesis/objenesis/2.6/objenesis-2.6.jar:/home/cagatay/.m2/repository/org/hamcrest/hamcrest-core/1.3/hamcrest-core-1.3.jar:/home/cagatay/.m2/repository/org/hamcrest/hamcrest-library/1.3/hamcrest-library-1.3.jar:/home/cagatay/.m2/repository/org/skyscreamer/jsonassert/1.5.0/jsonassert-1.5.0.jar:/home/cagatay/.m2/repository/com/vaadin/external/google/android-json/0.0.20131108.vaadin1/android-json-0.0.20131108.vaadin1.jar:/home/cagatay/.m2/repository/org/springframework/spring-core/5.0.4.RELEASE/spring-core-5.0.4.RELEASE.jar:/home/cagatay/.m2/repository/org/springframework/spring-jcl/5.0.4.RELEASE/spring-jcl-5.0.4.RELEASE.jar:/home/cagatay/.m2/repository/org/springframework/spring-test/5.0.4.RELEASE/spring-test-5.0.4.RELEASE.jar:/home/cagatay/.m2/repository/org/xmlunit/xmlunit-core/2.5.1/xmlunit-core-2.5.1.jar:/home/cagatay/.m2/repository/org/springframework/boot/spring-boot-starter-data-rest/2.0.0.RELEASE/spring-boot-starter-data-rest-2.0.0.RELEASE.jar:/home/cagatay/.m2/repository/org/springframework/data/spring-data-rest-webmvc/3.0.5.RELEASE/spring-data-rest-webmvc-3.0.5.RELEASE.jar:/home/cagatay/.m2/repository/org/springframework/data/spring-data-rest-core/3.0.5.RELEASE/spring-data-rest-core-3.0.5.RELEASE.jar:/home/cagatay/.m2/repository/org/springframework/hateoas/spring-hateoas/0.24.0.RELEASE/spring-hateoas-0.24.0.RELEASE.jar:/home/cagatay/.m2/repository/org/springframework/plugin/spring-plugin-core/1.2.0.RELEASE/spring-plugin-core-1.2.0.RELEASE.jar:/home/cagatay/.m2/repository/org/atteo/evo-inflector/1.2.2/evo-inflector-1.2.2.jar:/home/cagatay/.m2/repository/com/fasterxml/jackson/core/jackson-annotations/2.9.0/jackson-annotations-2.9.0.jar:/home/cagatay/.m2/repository/redis/clients/jedis/2.4.2/jedis-2.4.2.jar:/home/cagatay/.m2/repository/org/apache/commons/commons-pool2/2.5.0/commons-pool2-2.5.0.jar:/home/cagatay/.m2/repository/org/springframework/boot/spring-boot-starter-data-elasticsearch/2.0.0.RELEASE/spring-boot-starter-data-elasticsearch-2.0.0.RELEASE.jar:/home/cagatay/.m2/repository/org/springframework/data/spring-data-elasticsearch/3.0.5.RELEASE/spring-data-elasticsearch-3.0.5.RELEASE.jar:/home/cagatay/.m2/repository/commons-lang/commons-lang/2.6/commons-lang-2.6.jar:/home/cagatay/.m2/repository/org/elasticsearch/client/transport/5.6.8/transport-5.6.8.jar:/home/cagatay/.m2/repository/org/elasticsearch/plugin/transport-netty3-client/5.6.8/transport-netty3-client-5.6.8.jar:/home/cagatay/.m2/repository/org/elasticsearch/plugin/reindex-client/5.6.8/reindex-client-5.6.8.jar:/home/cagatay/.m2/repository/org/elasticsearch/client/elasticsearch-rest-client/5.6.8/elasticsearch-rest-client-5.6.8.jar:/home/cagatay/.m2/repository/org/apache/httpcomponents/httpclient/4.5.5/httpclient-4.5.5.jar:/home/cagatay/.m2/repository/org/apache/httpcomponents/httpcore/4.4.9/httpcore-4.4.9.jar:/home/cagatay/.m2/repository/org/apache/httpcomponents/httpasyncclient/4.1.3/httpasyncclient-4.1.3.jar:/home/cagatay/.m2/repository/org/apache/httpcomponents/httpcore-nio/4.4.9/httpcore-nio-4.4.9.jar:/home/cagatay/.m2/repository/commons-codec/commons-codec/1.11/commons-codec-1.11.jar:/home/cagatay/.m2/repository/org/elasticsearch/plugin/lang-mustache-client/5.6.8/lang-mustache-client-5.6.8.jar:/home/cagatay/.m2/repository/com/github/spullara/mustache/java/compiler/0.9.3/compiler-0.9.3.jar:/home/cagatay/.m2/repository/org/elasticsearch/plugin/percolator-client/5.6.8/percolator-client-5.6.8.jar:/home/cagatay/.m2/repository/org/elasticsearch/plugin/parent-join-client/5.6.8/parent-join-client-5.6.8.jar:/home/cagatay/.m2/repository/org/elasticsearch/plugin/transport-netty4-client/5.6.8/transport-netty4-client-5.6.8.jar:/home/cagatay/.m2/repository/io/netty/netty-buffer/4.1.22.Final/netty-buffer-4.1.22.Final.jar:/home/cagatay/.m2/repository/io/netty/netty-codec/4.1.22.Final/netty-codec-4.1.22.Final.jar:/home/cagatay/.m2/repository/io/netty/netty-codec-http/4.1.22.Final/netty-codec-http-4.1.22.Final.jar:/home/cagatay/.m2/repository/io/netty/netty-common/4.1.22.Final/netty-common-4.1.22.Final.jar:/home/cagatay/.m2/repository/io/netty/netty-handler/4.1.22.Final/netty-handler-4.1.22.Final.jar:/home/cagatay/.m2/repository/io/netty/netty-resolver/4.1.22.Final/netty-resolver-4.1.22.Final.jar:/home/cagatay/.m2/repository/io/netty/netty-transport/4.1.22.Final/netty-transport-4.1.22.Final.jar:/home/cagatay/.m2/repository/org/locationtech/spatial4j/spatial4j/0.6/spatial4j-0.6.jar:/home/cagatay/.m2/repository/com/vividsolutions/jts/1.13/jts-1.13.jar:/home/cagatay/.m2/repository/org/apache/logging/log4j/log4j-api/2.10.0/log4j-api-2.10.0.jar:/home/cagatay/.m2/repository/org/elasticsearch/jna/4.4.0-1/jna-4.4.0-1.jar:/home/cagatay/.m2/repository/org/elasticsearch/elasticsearch/2.4.4/elasticsearch-2.4.4.jar:/home/cagatay/.m2/repository/org/apache/lucene/lucene-core/5.5.2/lucene-core-5.5.2.jar:/home/cagatay/.m2/repository/org/apache/lucene/lucene-backward-codecs/5.5.2/lucene-backward-codecs-5.5.2.jar:/home/cagatay/.m2/repository/org/apache/lucene/lucene-analyzers-common/5.5.2/lucene-analyzers-common-5.5.2.jar:/home/cagatay/.m2/repository/org/apache/lucene/lucene-queries/5.5.2/lucene-queries-5.5.2.jar:/home/cagatay/.m2/repository/org/apache/lucene/lucene-memory/5.5.2/lucene-memory-5.5.2.jar:/home/cagatay/.m2/repository/org/apache/lucene/lucene-highlighter/5.5.2/lucene-highlighter-5.5.2.jar:/home/cagatay/.m2/repository/org/apache/lucene/lucene-queryparser/5.5.2/lucene-queryparser-5.5.2.jar:/home/cagatay/.m2/repository/org/apache/lucene/lucene-sandbox/5.5.2/lucene-sandbox-5.5.2.jar:/home/cagatay/.m2/repository/org/apache/lucene/lucene-suggest/5.5.2/lucene-suggest-5.5.2.jar:/home/cagatay/.m2/repository/org/apache/lucene/lucene-misc/5.5.2/lucene-misc-5.5.2.jar:/home/cagatay/.m2/repository/org/apache/lucene/lucene-join/5.5.2/lucene-join-5.5.2.jar:/home/cagatay/.m2/repository/org/apache/lucene/lucene-grouping/5.5.2/lucene-grouping-5.5.2.jar:/home/cagatay/.m2/repository/org/apache/lucene/lucene-spatial/5.5.2/lucene-spatial-5.5.2.jar:/home/cagatay/.m2/repository/org/apache/lucene/lucene-spatial3d/5.5.2/lucene-spatial3d-5.5.2.jar:/home/cagatay/.m2/repository/com/spatial4j/spatial4j/0.5/spatial4j-0.5.jar:/home/cagatay/.m2/repository/com/google/guava/guava/18.0/guava-18.0.jar:/home/cagatay/.m2/repository/org/elasticsearch/securesm/1.0/securesm-1.0.jar:/home/cagatay/.m2/repository/com/carrotsearch/hppc/0.7.1/hppc-0.7.1.jar:/home/cagatay/.m2/repository/joda-time/joda-time/2.9.9/joda-time-2.9.9.jar:/home/cagatay/.m2/repository/com/fasterxml/jackson/core/jackson-core/2.9.4/jackson-core-2.9.4.jar:/home/cagatay/.m2/repository/com/fasterxml/jackson/dataformat/jackson-dataformat-smile/2.9.4/jackson-dataformat-smile-2.9.4.jar:/home/cagatay/.m2/repository/com/fasterxml/jackson/dataformat/jackson-dataformat-yaml/2.9.4/jackson-dataformat-yaml-2.9.4.jar:/home/cagatay/.m2/repository/com/fasterxml/jackson/dataformat/jackson-dataformat-cbor/2.9.4/jackson-dataformat-cbor-2.9.4.jar:/home/cagatay/.m2/repository/org/yaml/snakeyaml/1.19/snakeyaml-1.19.jar:/home/cagatay/.m2/repository/io/netty/netty/3.10.6.Final/netty-3.10.6.Final.jar:/home/cagatay/.m2/repository/com/ning/compress-lzf/1.0.2/compress-lzf-1.0.2.jar:/home/cagatay/.m2/repository/com/tdunning/t-digest/3.0/t-digest-3.0.jar:/home/cagatay/.m2/repository/org/hdrhistogram/HdrHistogram/2.1.6/HdrHistogram-2.1.6.jar:/home/cagatay/.m2/repository/commons-cli/commons-cli/1.3.1/commons-cli-1.3.1.jar:/home/cagatay/.m2/repository/com/twitter/jsr166e/1.1.0/jsr166e-1.1.0.jar:"/>
    <property name="java.vm.vendor" value="Oracle Corporation"/>
    <property name="sun.arch.data.model" value="64"/>
    <property name="java.vendor.url" value="http://java.oracle.com/"/>
    <property name="user.timezone" value=""/>
    <property name="java.vm.specification.version" value="1.8"/>
    <property name="os.name" value="Linux"/>
    <property name="user.country" value="US"/>
    <property name="sun.java.launcher" value="SUN_STANDARD"/>
    <property name="sun.boot.library.path" value="/usr/lib/jvm/java-8-openjdk-amd64/jre/lib/amd64"/>
    <property name="sun.java.command" value="/home/cagatay/Desktop/Project_Student_System_SpringBoot/target/surefire/surefirebooter3405083567423940926.jar /home/cagatay/Desktop/Project_Student_System_SpringBoot/target/surefire 2019-02-25T16-09-30_084-jvmRun1 surefire6644422666643071437tmp surefire_02773932622504524061tmp"/>
    <property name="surefire.test.class.path" value="/home/cagatay/Desktop/Project_Student_System_SpringBoot/target/test-classes:/home/cagatay/Desktop/Project_Student_System_SpringBoot/target/classes:/home/cagatay/.m2/repository/org/springframework/boot/spring-boot-starter-data-jpa/2.0.0.RELEASE/spring-boot-starter-data-jpa-2.0.0.RELEASE.jar:/home/cagatay/.m2/repository/org/springframework/boot/spring-boot-starter/2.0.0.RELEASE/spring-boot-starter-2.0.0.RELEASE.jar:/home/cagatay/.m2/repository/org/springframework/boot/spring-boot-starter-logging/2.0.0.RELEASE/spring-boot-starter-logging-2.0.0.RELEASE.jar:/home/cagatay/.m2/repository/ch/qos/logback/logback-classic/1.2.3/logback-classic-1.2.3.jar:/home/cagatay/.m2/repository/ch/qos/logback/logback-core/1.2.3/logback-core-1.2.3.jar:/home/cagatay/.m2/repository/org/apache/logging/log4j/log4j-to-slf4j/2.10.0/log4j-to-slf4j-2.10.0.jar:/home/cagatay/.m2/repository/org/slf4j/jul-to-slf4j/1.7.25/jul-to-slf4j-1.7.25.jar:/home/cagatay/.m2/repository/javax/annotation/javax.annotation-api/1.3.2/javax.annotation-api-1.3.2.jar:/home/cagatay/.m2/repository/org/springframework/boot/spring-boot-starter-aop/2.0.0.RELEASE/spring-boot-starter-aop-2.0.0.RELEASE.jar:/home/cagatay/.m2/repository/org/springframework/spring-aop/5.0.4.RELEASE/spring-aop-5.0.4.RELEASE.jar:/home/cagatay/.m2/repository/org/aspectj/aspectjweaver/1.8.13/aspectjweaver-1.8.13.jar:/home/cagatay/.m2/repository/org/springframework/boot/spring-boot-starter-jdbc/2.0.0.RELEASE/spring-boot-starter-jdbc-2.0.0.RELEASE.jar:/home/cagatay/.m2/repository/com/zaxxer/HikariCP/2.7.8/HikariCP-2.7.8.jar:/home/cagatay/.m2/repository/org/springframework/spring-jdbc/5.0.4.RELEASE/spring-jdbc-5.0.4.RELEASE.jar:/home/cagatay/.m2/repository/org/hibernate/hibernate-core/5.2.14.Final/hibernate-core-5.2.14.Final.jar:/home/cagatay/.m2/repository/org/jboss/logging/jboss-logging/3.3.2.Final/jboss-logging-3.3.2.Final.jar:/home/cagatay/.m2/repository/org/hibernate/javax/persistence/hibernate-jpa-2.1-api/1.0.0.Final/hibernate-jpa-2.1-api-1.0.0.Final.jar:/home/cagatay/.m2/repository/org/javassist/javassist/3.22.0-GA/javassist-3.22.0-GA.jar:/home/cagatay/.m2/repository/antlr/antlr/2.7.7/antlr-2.7.7.jar:/home/cagatay/.m2/repository/org/jboss/jandex/2.0.3.Final/jandex-2.0.3.Final.jar:/home/cagatay/.m2/repository/com/fasterxml/classmate/1.3.4/classmate-1.3.4.jar:/home/cagatay/.m2/repository/dom4j/dom4j/1.6.1/dom4j-1.6.1.jar:/home/cagatay/.m2/repository/org/hibernate/common/hibernate-commons-annotations/5.0.1.Final/hibernate-commons-annotations-5.0.1.Final.jar:/home/cagatay/.m2/repository/javax/transaction/javax.transaction-api/1.2/javax.transaction-api-1.2.jar:/home/cagatay/.m2/repository/org/springframework/data/spring-data-jpa/2.0.5.RELEASE/spring-data-jpa-2.0.5.RELEASE.jar:/home/cagatay/.m2/repository/org/springframework/data/spring-data-commons/2.0.5.RELEASE/spring-data-commons-2.0.5.RELEASE.jar:/home/cagatay/.m2/repository/org/springframework/spring-orm/5.0.4.RELEASE/spring-orm-5.0.4.RELEASE.jar:/home/cagatay/.m2/repository/org/springframework/spring-context/5.0.4.RELEASE/spring-context-5.0.4.RELEASE.jar:/home/cagatay/.m2/repository/org/springframework/spring-tx/5.0.4.RELEASE/spring-tx-5.0.4.RELEASE.jar:/home/cagatay/.m2/repository/org/springframework/spring-beans/5.0.4.RELEASE/spring-beans-5.0.4.RELEASE.jar:/home/cagatay/.m2/repository/org/slf4j/slf4j-api/1.7.25/slf4j-api-1.7.25.jar:/home/cagatay/.m2/repository/org/springframework/spring-aspects/5.0.4.RELEASE/spring-aspects-5.0.4.RELEASE.jar:/home/cagatay/.m2/repository/org/springframework/boot/spring-boot-starter-web/2.0.0.RELEASE/spring-boot-starter-web-2.0.0.RELEASE.jar:/home/cagatay/.m2/repository/org/springframework/boot/spring-boot-starter-json/2.0.0.RELEASE/spring-boot-starter-json-2.0.0.RELEASE.jar:/home/cagatay/.m2/repository/com/fasterxml/jackson/core/jackson-databind/2.9.4/jackson-databind-2.9.4.jar:/home/cagatay/.m2/repository/com/fasterxml/jackson/datatype/jackson-datatype-jdk8/2.9.4/jackson-datatype-jdk8-2.9.4.jar:/home/cagatay/.m2/repository/com/fasterxml/jackson/datatype/jackson-datatype-jsr310/2.9.4/jackson-datatype-jsr310-2.9.4.jar:/home/cagatay/.m2/repository/com/fasterxml/jackson/module/jackson-module-parameter-names/2.9.4/jackson-module-parameter-names-2.9.4.jar:/home/cagatay/.m2/repository/org/springframework/boot/spring-boot-starter-tomcat/2.0.0.RELEASE/spring-boot-starter-tomcat-2.0.0.RELEASE.jar:/home/cagatay/.m2/repository/org/apache/tomcat/embed/tomcat-embed-core/8.5.28/tomcat-embed-core-8.5.28.jar:/home/cagatay/.m2/repository/org/apache/tomcat/embed/tomcat-embed-el/8.5.28/tomcat-embed-el-8.5.28.jar:/home/cagatay/.m2/repository/org/apache/tomcat/embed/tomcat-embed-websocket/8.5.28/tomcat-embed-websocket-8.5.28.jar:/home/cagatay/.m2/repository/org/hibernate/validator/hibernate-validator/6.0.7.Final/hibernate-validator-6.0.7.Final.jar:/home/cagatay/.m2/repository/javax/validation/validation-api/2.0.1.Final/validation-api-2.0.1.Final.jar:/home/cagatay/.m2/repository/org/springframework/spring-web/5.0.4.RELEASE/spring-web-5.0.4.RELEASE.jar:/home/cagatay/.m2/repository/org/springframework/spring-webmvc/5.0.4.RELEASE/spring-webmvc-5.0.4.RELEASE.jar:/home/cagatay/.m2/repository/org/springframework/spring-expression/5.0.4.RELEASE/spring-expression-5.0.4.RELEASE.jar:/home/cagatay/.m2/repository/org/springframework/boot/spring-boot-devtools/2.0.0.RELEASE/spring-boot-devtools-2.0.0.RELEASE.jar:/home/cagatay/.m2/repository/org/springframework/boot/spring-boot/2.0.0.RELEASE/spring-boot-2.0.0.RELEASE.jar:/home/cagatay/.m2/repository/org/springframework/boot/spring-boot-autoconfigure/2.0.0.RELEASE/spring-boot-autoconfigure-2.0.0.RELEASE.jar:/home/cagatay/.m2/repository/mysql/mysql-connector-java/5.1.45/mysql-connector-java-5.1.45.jar:/home/cagatay/.m2/repository/org/springframework/boot/spring-boot-starter-test/2.0.0.RELEASE/spring-boot-starter-test-2.0.0.RELEASE.jar:/home/cagatay/.m2/repository/org/springframework/boot/spring-boot-test/2.0.0.RELEASE/spring-boot-test-2.0.0.RELEASE.jar:/home/cagatay/.m2/repository/org/springframework/boot/spring-boot-test-autoconfigure/2.0.0.RELEASE/spring-boot-test-autoconfigure-2.0.0.RELEASE.jar:/home/cagatay/.m2/repository/com/jayway/jsonpath/json-path/2.4.0/json-path-2.4.0.jar:/home/cagatay/.m2/repository/net/minidev/json-smart/2.3/json-smart-2.3.jar:/home/cagatay/.m2/repository/net/minidev/accessors-smart/1.2/accessors-smart-1.2.jar:/home/cagatay/.m2/repository/org/ow2/asm/asm/5.0.4/asm-5.0.4.jar:/home/cagatay/.m2/repository/junit/junit/4.12/junit-4.12.jar:/home/cagatay/.m2/repository/org/assertj/assertj-core/3.9.1/assertj-core-3.9.1.jar:/home/cagatay/.m2/repository/org/mockito/mockito-core/2.15.0/mockito-core-2.15.0.jar:/home/cagatay/.m2/repository/net/bytebuddy/byte-buddy/1.7.10/byte-buddy-1.7.10.jar:/home/cagatay/.m2/repository/net/bytebuddy/byte-buddy-agent/1.7.10/byte-buddy-agent-1.7.10.jar:/home/cagatay/.m2/repository/org/objenesis/objenesis/2.6/objenesis-2.6.jar:/home/cagatay/.m2/repository/org/hamcrest/hamcrest-core/1.3/hamcrest-core-1.3.jar:/home/cagatay/.m2/repository/org/hamcrest/hamcrest-library/1.3/hamcrest-library-1.3.jar:/home/cagatay/.m2/repository/org/skyscreamer/jsonassert/1.5.0/jsonassert-1.5.0.jar:/home/cagatay/.m2/repository/com/vaadin/external/google/android-json/0.0.20131108.vaadin1/android-json-0.0.20131108.vaadin1.jar:/home/cagatay/.m2/repository/org/springframework/spring-core/5.0.4.RELEASE/spring-core-5.0.4.RELEASE.jar:/home/cagatay/.m2/repository/org/springframework/spring-jcl/5.0.4.RELEASE/spring-jcl-5.0.4.RELEASE.jar:/home/cagatay/.m2/repository/org/springframework/spring-test/5.0.4.RELEASE/spring-test-5.0.4.RELEASE.jar:/home/cagatay/.m2/repository/org/xmlunit/xmlunit-core/2.5.1/xmlunit-core-2.5.1.jar:/home/cagatay/.m2/repository/org/springframework/boot/spring-boot-starter-data-rest/2.0.0.RELEASE/spring-boot-starter-data-rest-2.0.0.RELEASE.jar:/home/cagatay/.m2/repository/org/springframework/data/spring-data-rest-webmvc/3.0.5.RELEASE/spring-data-rest-webmvc-3.0.5.RELEASE.jar:/home/cagatay/.m2/repository/org/springframework/data/spring-data-rest-core/3.0.5.RELEASE/spring-data-rest-core-3.0.5.RELEASE.jar:/home/cagatay/.m2/repository/org/springframework/hateoas/spring-hateoas/0.24.0.RELEASE/spring-hateoas-0.24.0.RELEASE.jar:/home/cagatay/.m2/repository/org/springframework/plugin/spring-plugin-core/1.2.0.RELEASE/spring-plugin-core-1.2.0.RELEASE.jar:/home/cagatay/.m2/repository/org/atteo/evo-inflector/1.2.2/evo-inflector-1.2.2.jar:/home/cagatay/.m2/repository/com/fasterxml/jackson/core/jackson-annotations/2.9.0/jackson-annotations-2.9.0.jar:/home/cagatay/.m2/repository/redis/clients/jedis/2.4.2/jedis-2.4.2.jar:/home/cagatay/.m2/repository/org/apache/commons/commons-pool2/2.5.0/commons-pool2-2.5.0.jar:/home/cagatay/.m2/repository/org/springframework/boot/spring-boot-starter-data-elasticsearch/2.0.0.RELEASE/spring-boot-starter-data-elasticsearch-2.0.0.RELEASE.jar:/home/cagatay/.m2/repository/org/springframework/data/spring-data-elasticsearch/3.0.5.RELEASE/spring-data-elasticsearch-3.0.5.RELEASE.jar:/home/cagatay/.m2/repository/commons-lang/commons-lang/2.6/commons-lang-2.6.jar:/home/cagatay/.m2/repository/org/elasticsearch/client/transport/5.6.8/transport-5.6.8.jar:/home/cagatay/.m2/repository/org/elasticsearch/plugin/transport-netty3-client/5.6.8/transport-netty3-client-5.6.8.jar:/home/cagatay/.m2/repository/org/elasticsearch/plugin/reindex-client/5.6.8/reindex-client-5.6.8.jar:/home/cagatay/.m2/repository/org/elasticsearch/client/elasticsearch-rest-client/5.6.8/elasticsearch-rest-client-5.6.8.jar:/home/cagatay/.m2/repository/org/apache/httpcomponents/httpclient/4.5.5/httpclient-4.5.5.jar:/home/cagatay/.m2/repository/org/apache/httpcomponents/httpcore/4.4.9/httpcore-4.4.9.jar:/home/cagatay/.m2/repository/org/apache/httpcomponents/httpasyncclient/4.1.3/httpasyncclient-4.1.3.jar:/home/cagatay/.m2/repository/org/apache/httpcomponents/httpcore-nio/4.4.9/httpcore-nio-4.4.9.jar:/home/cagatay/.m2/repository/commons-codec/commons-codec/1.11/commons-codec-1.11.jar:/home/cagatay/.m2/repository/org/elasticsearch/plugin/lang-mustache-client/5.6.8/lang-mustache-client-5.6.8.jar:/home/cagatay/.m2/repository/com/github/spullara/mustache/java/compiler/0.9.3/compiler-0.9.3.jar:/home/cagatay/.m2/repository/org/elasticsearch/plugin/percolator-client/5.6.8/percolator-client-5.6.8.jar:/home/cagatay/.m2/repository/org/elasticsearch/plugin/parent-join-client/5.6.8/parent-join-client-5.6.8.jar:/home/cagatay/.m2/repository/org/elasticsearch/plugin/transport-netty4-client/5.6.8/transport-netty4-client-5.6.8.jar:/home/cagatay/.m2/repository/io/netty/netty-buffer/4.1.22.Final/netty-buffer-4.1.22.Final.jar:/home/cagatay/.m2/repository/io/netty/netty-codec/4.1.22.Final/netty-codec-4.1.22.Final.jar:/home/cagatay/.m2/repository/io/netty/netty-codec-http/4.1.22.Final/netty-codec-http-4.1.22.Final.jar:/home/cagatay/.m2/repository/io/netty/netty-common/4.1.22.Final/netty-common-4.1.22.Final.jar:/home/cagatay/.m2/repository/io/netty/netty-handler/4.1.22.Final/netty-handler-4.1.22.Final.jar:/home/cagatay/.m2/repository/io/netty/netty-resolver/4.1.22.Final/netty-resolver-4.1.22.Final.jar:/home/cagatay/.m2/repository/io/netty/netty-transport/4.1.22.Final/netty-transport-4.1.22.Final.jar:/home/cagatay/.m2/repository/org/locationtech/spatial4j/spatial4j/0.6/spatial4j-0.6.jar:/home/cagatay/.m2/repository/com/vividsolutions/jts/1.13/jts-1.13.jar:/home/cagatay/.m2/repository/org/apache/logging/log4j/log4j-api/2.10.0/log4j-api-2.10.0.jar:/home/cagatay/.m2/repository/org/elasticsearch/jna/4.4.0-1/jna-4.4.0-1.jar:/home/cagatay/.m2/repository/org/elasticsearch/elasticsearch/2.4.4/elasticsearch-2.4.4.jar:/home/cagatay/.m2/repository/org/apache/lucene/lucene-core/5.5.2/lucene-core-5.5.2.jar:/home/cagatay/.m2/repository/org/apache/lucene/lucene-backward-codecs/5.5.2/lucene-backward-codecs-5.5.2.jar:/home/cagatay/.m2/repository/org/apache/lucene/lucene-analyzers-common/5.5.2/lucene-analyzers-common-5.5.2.jar:/home/cagatay/.m2/repository/org/apache/lucene/lucene-queries/5.5.2/lucene-queries-5.5.2.jar:/home/cagatay/.m2/repository/org/apache/lucene/lucene-memory/5.5.2/lucene-memory-5.5.2.jar:/home/cagatay/.m2/repository/org/apache/lucene/lucene-highlighter/5.5.2/lucene-highlighter-5.5.2.jar:/home/cagatay/.m2/repository/org/apache/lucene/lucene-queryparser/5.5.2/lucene-queryparser-5.5.2.jar:/home/cagatay/.m2/repository/org/apache/lucene/lucene-sandbox/5.5.2/lucene-sandbox-5.5.2.jar:/home/cagatay/.m2/repository/org/apache/lucene/lucene-suggest/5.5.2/lucene-suggest-5.5.2.jar:/home/cagatay/.m2/repository/org/apache/lucene/lucene-misc/5.5.2/lucene-misc-5.5.2.jar:/home/cagatay/.m2/repository/org/apache/lucene/lucene-join/5.5.2/lucene-join-5.5.2.jar:/home/cagatay/.m2/repository/org/apache/lucene/lucene-grouping/5.5.2/lucene-grouping-5.5.2.jar:/home/cagatay/.m2/repository/org/apache/lucene/lucene-spatial/5.5.2/lucene-spatial-5.5.2.jar:/home/cagatay/.m2/repository/org/apache/lucene/lucene-spatial3d/5.5.2/lucene-spatial3d-5.5.2.jar:/home/cagatay/.m2/repository/com/spatial4j/spatial4j/0.5/spatial4j-0.5.jar:/home/cagatay/.m2/repository/com/google/guava/guava/18.0/guava-18.0.jar:/home/cagatay/.m2/repository/org/elasticsearch/securesm/1.0/securesm-1.0.jar:/home/cagatay/.m2/repository/com/carrotsearch/hppc/0.7.1/hppc-0.7.1.jar:/home/cagatay/.m2/repository/joda-time/joda-time/2.9.9/joda-time-2.9.9.jar:/home/cagatay/.m2/repository/com/fasterxml/jackson/core/jackson-core/2.9.4/jackson-core-2.9.4.jar:/home/cagatay/.m2/repository/com/fasterxml/jackson/dataformat/jackson-dataformat-smile/2.9.4/jackson-dataformat-smile-2.9.4.jar:/home/cagatay/.m2/repository/com/fasterxml/jackson/dataformat/jackson-dataformat-yaml/2.9.4/jackson-dataformat-yaml-2.9.4.jar:/home/cagatay/.m2/repository/com/fasterxml/jackson/dataformat/jackson-dataformat-cbor/2.9.4/jackson-dataformat-cbor-2.9.4.jar:/home/cagatay/.m2/repository/org/yaml/snakeyaml/1.19/snakeyaml-1.19.jar:/home/cagatay/.m2/repository/io/netty/netty/3.10.6.Final/netty-3.10.6.Final.jar:/home/cagatay/.m2/repository/com/ning/compress-lzf/1.0.2/compress-lzf-1.0.2.jar:/home/cagatay/.m2/repository/com/tdunning/t-digest/3.0/t-digest-3.0.jar:/home/cagatay/.m2/repository/org/hdrhistogram/HdrHistogram/2.1.6/HdrHistogram-2.1.6.jar:/home/cagatay/.m2/repository/commons-cli/commons-cli/1.3.1/commons-cli-1.3.1.jar:/home/cagatay/.m2/repository/com/twitter/jsr166e/1.1.0/jsr166e-1.1.0.jar:"/>
    <property name="sun.cpu.endian" value="little"/>
    <property name="user.home" value="/home/cagatay"/>
    <property name="user.language" value="en"/>
    <property name="java.specification.vendor" value="Oracle Corporation"/>
    <property name="java.home" value="/usr/lib/jvm/java-8-openjdk-amd64/jre"/>
    <property name="basedir" value="/home/cagatay/Desktop/Project_Student_System_SpringBoot"/>
    <property name="file.separator" value="/"/>
    <property name="line.separator" value="&#10;"/>
    <property name="java.vm.specification.vendor" value="Oracle Corporation"/>
    <property name="java.specification.name" value="Java Platform API Specification"/>
    <property name="java.awt.graphicsenv" value="sun.awt.X11GraphicsEnvironment"/>
    <property name="surefire.real.class.path" value="/home/cagatay/Desktop/Project_Student_System_SpringBoot/target/surefire/surefirebooter3405083567423940926.jar"/>
    <property name="sun.boot.class.path" value="/usr/lib/jvm/java-8-openjdk-amd64/jre/lib/resources.jar:/usr/lib/jvm/java-8-openjdk-amd64/jre/lib/rt.jar:/usr/lib/jvm/java-8-openjdk-amd64/jre/lib/sunrsasign.jar:/usr/lib/jvm/java-8-openjdk-amd64/jre/lib/jsse.jar:/usr/lib/jvm/java-8-openjdk-amd64/jre/lib/jce.jar:/usr/lib/jvm/java-8-openjdk-amd64/jre/lib/charsets.jar:/usr/lib/jvm/java-8-openjdk-amd64/jre/lib/jfr.jar:/usr/lib/jvm/java-8-openjdk-amd64/jre/classes"/>
    <property name="sun.management.compiler" value="HotSpot 64-Bit Tiered Compilers"/>
    <property name="java.runtime.version" value="1.8.0_191-8u191-b12-2ubuntu0.16.04.1-b12"/>
    <property name="user.name" value="cagatay"/>
    <property name="path.separator" value=":"/>
    <property name="os.version" value="4.15.0-45-generic"/>
    <property name="java.endorsed.dirs" value="/usr/lib/jvm/java-8-openjdk-amd64/jre/lib/endorsed"/>
    <property name="java.runtime.name" value="OpenJDK Runtime Environment"/>
    <property name="file.encoding" value="UTF-8"/>
    <property name="java.vm.name" value="OpenJDK 64-Bit Server VM"/>
    <property name="localRepository" value="/home/cagatay/.m2/repository"/>
    <property name="java.vendor.url.bug" value="http://bugreport.sun.com/bugreport/"/>
    <property name="java.io.tmpdir" value="/tmp"/>
    <property name="idea.version" value="2018.3.4"/>
    <property name="java.version" value="1.8.0_191"/>
    <property name="user.dir" value="/home/cagatay/Desktop/Project_Student_System_SpringBoot"/>
    <property name="os.arch" value="amd64"/>
    <property name="java.vm.specification.name" value="Java Virtual Machine Specification"/>
    <property name="java.awt.printerjob" value="sun.print.PSPrinterJob"/>
    <property name="sun.os.patch.level" value="unknown"/>
    <property name="java.library.path" value="/usr/java/packages/lib/amd64:/usr/lib/x86_64-linux-gnu/jni:/lib/x86_64-linux-gnu:/usr/lib/x86_64-linux-gnu:/usr/lib/jni:/lib:/usr/lib"/>
    <property name="java.vm.info" value="mixed mode"/>
    <property name="java.vendor" value="Oracle Corporation"/>
    <property name="java.vm.version" value="25.191-b12"/>
    <property name="java.ext.dirs" value="/usr/lib/jvm/java-8-openjdk-amd64/jre/lib/ext:/usr/java/packages/lib/ext"/>
    <property name="sun.io.unicode.encoding" value="UnicodeLittle"/>
    <property name="java.class.version" value="52.0"/>
  </properties>
  <testcase name="contextLoads" classname="com.ozata.cagatay.StudentApplicationTests" time="0.059"/>
</testsuite>